C51 COMPILER V9.54   KEYBOARD                                                              09/19/2023 14:57:57 PAGE 1   


C51 COMPILER V9.54, COMPILATION OF MODULE KEYBOARD
OBJECT MODULE PLACED IN keyboard.OBJ
COMPILER INVOKED BY: C:\Keil_v5\C51\BIN\C51.exe ..\..\keyboard.c ROM(SMALL) BROWSE DEBUG CODE OBJECTEXTEND PREPRINT OBJE
                    -CT(keyboard.OBJ)

line level    source

   1          #include "keyboard.h"
*** ERROR C141 IN LINE 7 OF ..\..\keyboard.h: syntax error near '}'
   2          unsigned char getvalue()
   3          {
   4   1              u8 sum=0;
*** ERROR C202 IN LINE 4 OF ..\..\keyboard.c: 'u8': undefined identifier
*** ERROR C141 IN LINE 4 OF ..\..\keyboard.c: syntax error near 'sum'
   5   1              KEY=0xf0;//列4行4
   6   1              if(KEY!=0xf0)
   7   1              {
   8   2                      switch(KEY)//列扫描
   9   2                      {
  10   3                              case 0xe0:sum=1;break;
*** ERROR C202 IN LINE 10 OF ..\..\keyboard.c: 'sum': undefined identifier
  11   3                              case 0xd0:sum=2;break;
*** ERROR C202 IN LINE 11 OF ..\..\keyboard.c: 'sum': undefined identifier
  12   3                              case 0xb0:sum=3;break;
*** ERROR C202 IN LINE 12 OF ..\..\keyboard.c: 'sum': undefined identifier
  13   3                              case 0x70:sum=4;break;
*** ERROR C202 IN LINE 13 OF ..\..\keyboard.c: 'sum': undefined identifier
  14   3                      }
  15   2                      KEY=0x0f;
  16   2                      switch(KEY)//行扫描
  17   2                      {
  18   3                              case 0x0e:sum=sum;break;
*** ERROR C202 IN LINE 18 OF ..\..\keyboard.c: 'sum': undefined identifier
  19   3                              case 0x0d:sum=sum+4;break;
*** ERROR C202 IN LINE 19 OF ..\..\keyboard.c: 'sum': undefined identifier
  20   3                              case 0x0b:sum=sum+8;break;
*** ERROR C202 IN LINE 20 OF ..\..\keyboard.c: 'sum': undefined identifier
  21   3                              case 0x07:sum=sum+12;break;                     
*** ERROR C202 IN LINE 21 OF ..\..\keyboard.c: 'sum': undefined identifier
  22   3                      }
  23   2                      
  24   2              }
  25   1              return key_board_table[sum-1];
*** ERROR C202 IN LINE 25 OF ..\..\keyboard.c: 'sum': undefined identifier
  26   1      }

C51 COMPILATION COMPLETE.  0 WARNING(S),  12 ERROR(S)
