C51 COMPILER V9.54   CALCULATOR                                                            11/22/2023 20:04:34 PAGE 1   


C51 COMPILER V9.54, COMPILATION OF MODULE CALCULATOR
OBJECT MODULE PLACED IN .\Objects\calculator.obj
COMPILER INVOKED BY: C:\Keil_v5\C51\BIN\C51.EXE calculator.c OPTIMIZE(8,SPEED) BROWSE DEBUG OBJECTEXTEND PRINT(.\Listing
                    -s\calculator.lst) TABS(2) OBJECT(.\Objects\calculator.obj)

line level    source

   1          #include "system.h"
   2          #include <stdio.h>
   3          #incude <string.h>
*** WARNING C315 IN LINE 3 OF calculator.c: unknown #directive 'incude'
   4          typedef unsigned char u8;
   5          typedef unsigned int u16;
   6          void main()
   7          {
   8   1        unsigned char press;//°´¼üÖµ¶ÁÈ¡
   9   1        unsigned char str[16];
  10   1        float x1,x2,y;
  11   1        unsigned char i,j;
  12   1        bit point1;
  13   1        bit point2;
  14   1        unsigned char operation=0;
  15   1        welcome();
  16   1        lcd_delay(500);
  17   1        while(1)  
  18   1          
  19   1        {
  20   2          switch(press=key_getvalue())
  21   2          {
  22   3            case 255:break;
  23   3            case '.':
  24   3              lcd_init();
  25   3              x1=0;
  26   3              x2=0;
  27   3            operation=0;
  28   3              break;
  29   3            case '=':
  30   3              lcd_writedata('=');
  31   3              lcd_gotoxy(1,0);
  32   3              switch (operation)
  33   3              {
  34   4                case '+':y=x1+x2;break;
  35   4                case '-':y=x1-x2;break;
  36   4                case '*':y=x1*x2;break;
  37   4                case '/':y=x1/x2;break;
  38   4                default:y=x1;break;
  39   4              }
  40   3              sprintf(str,"%0.5f",y);
  41   3              lcd_printstr(str);
  42   3            break;
  43   3            case '+':operation='+';lcd_writedata('+');break;
  44   3            case '-':operation='-';lcd_writedata('-');break;
  45   3            case '*':operation='*';lcd_writedata('*');break;
  46   3            case '/':operation='/';lcd_writedata('/');break;
  47   3            default:
  48   3              lcd_writedata(press);
  49   3              if(!operation) x1=x1*10+press-'0';
  50   3              else x2=x2*10+press-'0'; 
  51   3          }
  52   2        }
  53   1      }
C51 COMPILER V9.54   CALCULATOR                                                            11/22/2023 20:04:34 PAGE 2   

*** WARNING C280 IN LINE 11 OF calculator.c: 'i': unreferenced local variable
*** WARNING C280 IN LINE 11 OF calculator.c: 'j': unreferenced local variable
*** WARNING C280 IN LINE 12 OF calculator.c: 'point1': unreferenced local variable
*** WARNING C280 IN LINE 13 OF calculator.c: 'point2': unreferenced local variable


MODULE INFORMATION:   STATIC OVERLAYABLE
   CODE SIZE        =    437    ----
   CONSTANT SIZE    =      6    ----
   XDATA SIZE       =   ----    ----
   PDATA SIZE       =   ----    ----
   DATA SIZE        =   ----      32
   IDATA SIZE       =   ----    ----
   BIT SIZE         =   ----       2
END OF MODULE INFORMATION.


C51 COMPILATION COMPLETE.  5 WARNING(S),  0 ERROR(S)
